<?xml version="1.0" encoding="UTF-8"?>
<testng-results ignored="0" total="1" passed="1" failed="0" skipped="0">
  <reporter-output>
  </reporter-output>
  <suite started-at="2026-03-22T08:43:47 PDT" name="Default suite" finished-at="2026-03-22T08:43:49 PDT" duration-ms="1872">
    <groups>
    </groups>
    <test started-at="2026-03-22T08:43:47 PDT" name="Default test" finished-at="2026-03-22T08:43:49 PDT" duration-ms="1872">
      <class name="API.RestAssuredTest">
        <test-method signature="getPosts_shouldReturn200()[pri:0, instance:API.RestAssuredTest@41a2befb]" started-at="2026-03-22T08:43:47 PDT" name="getPosts_shouldReturn200" finished-at="2026-03-22T08:43:49 PDT" duration-ms="1847" status="PASS">
          <reporter-output>
          </reporter-output>
        </test-method> <!-- getPosts_shouldReturn200 -->
      </class> <!-- API.RestAssuredTest -->
    </test> <!-- Default test -->
  </suite> <!-- Default suite -->
</testng-results>
